# JRE version: Java(TM) SE Runtime Environment (12.0.2+10) (build 12.0.2+10)
# Java VM: Java HotSpot(TM) 64-Bit Server VM (12.0.2+10, mixed mode, sharing, tiered, compressed oops, g1 gc, bsd-amd64)
Heap:
 garbage-first heap   total 51200K, used 23761K [0x0000000780000000, 0x0000000800000000)
  region size 1024K, 14 young (14336K), 3 survivors (3072K)
 Metaspace       used 22322K, capacity 23439K, committed 23676K, reserved 1069056K
  class space    used 3204K, capacity 3651K, committed 3708K, reserved 1048576K
GC Heap History (8 events):
Event: 1.365 GC heap before
{Heap before GC invocations=0 (full 0):
 garbage-first heap   total 133120K, used 15072K [0x0000000780000000, 0x0000000800000000)
  region size 1024K, 14 young (14336K), 0 survivors (0K)
 Metaspace       used 4188K, capacity 6966K, committed 7296K, reserved 1056768K
  class space    used 472K, capacity 773K, committed 896K, reserved 1048576K
}
Event: 1.383 GC heap after
{Heap after GC invocations=1 (full 0):
 garbage-first heap   total 133120K, used 4768K [0x0000000780000000, 0x0000000800000000)
  region size 1024K, 2 young (2048K), 2 survivors (2048K)
 Metaspace       used 4188K, capacity 6966K, committed 7296K, reserved 1056768K
  class space    used 472K, capacity 773K, committed 896K, reserved 1048576K
}
Event: 2.281 GC heap before
{Heap before GC invocations=1 (full 0):
 garbage-first heap   total 133120K, used 16032K [0x0000000780000000, 0x0000000800000000)
  region size 1024K, 13 young (13312K), 2 survivors (2048K)
 Metaspace       used 7022K, capacity 9355K, committed 9600K, reserved 1058816K
  class space    used 768K, capacity 1036K, committed 1152K, reserved 1048576K
}
Event: 2.292 GC heap after
{Heap after GC invocations=2 (full 0):
 garbage-first heap   total 133120K, used 5894K [0x0000000780000000, 0x0000000800000000)
  region size 1024K, 1 young (1024K), 1 survivors (1024K)
 Metaspace       used 7022K, capacity 9355K, committed 9600K, reserved 1058816K
  class space    used 768K, capacity 1036K, committed 1152K, reserved 1048576K
}
Event: 4.030 GC heap before
{Heap before GC invocations=2 (full 0):
 garbage-first heap   total 133120K, used 34566K [0x0000000780000000, 0x0000000800000000)
  region size 1024K, 30 young (30720K), 1 survivors (1024K)
 Metaspace       used 15226K, capacity 15988K, committed 16256K, reserved 1062912K
  class space    used 1973K, capacity 2153K, committed 2176K, reserved 1048576K
}
Event: 4.042 GC heap after
{Heap after GC invocations=3 (full 0):
 garbage-first heap   total 133120K, used 9343K [0x0000000780000000, 0x0000000800000000)
  region size 1024K, 4 young (4096K), 4 survivors (4096K)
 Metaspace       used 15226K, capacity 15988K, committed 16256K, reserved 1062912K
  class space    used 1973K, capacity 2153K, committed 2176K, reserved 1048576K
}
Event: 5.385 GC heap before
{Heap before GC invocations=3 (full 0):
 garbage-first heap   total 133120K, used 28799K [0x0000000780000000, 0x0000000800000000)
  region size 1024K, 24 young (24576K), 4 survivors (4096K)
 Metaspace       used 20267K, capacity 21197K, committed 21248K, reserved 1067008K
  class space    used 2957K, capacity 3327K, committed 3328K, reserved 1048576K
}
Event: 5.403 GC heap after
{Heap after GC invocations=4 (full 0):
 garbage-first heap   total 133120K, used 11473K [0x0000000780000000, 0x0000000800000000)
  region size 1024K, 3 young (3072K), 3 survivors (3072K)
 Metaspace       used 20267K, capacity 21197K, committed 21248K, reserved 1067008K
  class space    used 2957K, capacity 3327K, committed 3328K, reserved 1048576K
}

